<?xml version="1.0" encoding="UTF-8"?>
<testng-results skipped="0" failed="2" total="6" passed="4">
  <reporter-output>
  </reporter-output>
  <suite name="Default suite" duration-ms="5887" started-at="2016-03-31T00:14:33Z" finished-at="2016-03-31T00:14:39Z">
    <groups>
    </groups>
    <test name="Default test" duration-ms="5887" started-at="2016-03-31T00:14:33Z" finished-at="2016-03-31T00:14:39Z">
      <class name="com.intuit.nasa.api.tests.planetary.GetPlanetrySoundsTest">
        <test-method status="PASS" signature="readLimit()[pri:0, instance:com.intuit.nasa.api.tests.planetary.GetPlanetrySoundsTest@35fb3008]" name="readLimit" is-config="true" duration-ms="8" started-at="2016-03-30T17:14:33Z" finished-at="2016-03-30T17:14:33Z">
          <reporter-output>
          </reporter-output>
        </test-method> <!-- readLimit -->
        <test-method status="PASS" signature="testWhenAPIKeyIsInvalid()[pri:0, instance:com.intuit.nasa.api.tests.planetary.GetPlanetrySoundsTest@35fb3008]" name="testWhenAPIKeyIsInvalid" duration-ms="2517" started-at="2016-03-30T17:14:33Z" finished-at="2016-03-30T17:14:36Z">
          <reporter-output>
          </reporter-output>
        </test-method> <!-- testWhenAPIKeyIsInvalid -->
        <test-method status="PASS" signature="testWhenAPIKeyIsMissing()[pri:0, instance:com.intuit.nasa.api.tests.planetary.GetPlanetrySoundsTest@35fb3008]" name="testWhenAPIKeyIsMissing" duration-ms="557" started-at="2016-03-30T17:14:36Z" finished-at="2016-03-30T17:14:36Z">
          <reporter-output>
          </reporter-output>
        </test-method> <!-- testWhenAPIKeyIsMissing -->
        <test-method status="PASS" signature="testWhenAPIKeyIsValid()[pri:0, instance:com.intuit.nasa.api.tests.planetary.GetPlanetrySoundsTest@35fb3008]" name="testWhenAPIKeyIsValid" duration-ms="984" started-at="2016-03-30T17:14:36Z" finished-at="2016-03-30T17:14:37Z">
          <reporter-output>
          </reporter-output>
        </test-method> <!-- testWhenAPIKeyIsValid -->
        <test-method status="FAIL" signature="testWhenAPIKeyIsValid_WithInvalidQueryParamKey()[pri:0, instance:com.intuit.nasa.api.tests.planetary.GetPlanetrySoundsTest@35fb3008]" name="testWhenAPIKeyIsValid_WithInvalidQueryParamKey" duration-ms="698" started-at="2016-03-30T17:14:37Z" finished-at="2016-03-30T17:14:38Z">
          <exception class="java.lang.AssertionError">
            <message>
              <![CDATA[2 expectations failed.
Expected status code <400> doesn't match actual status code <200>.

Expected status line a string containing "Bad Request" doesn't match actual status line "HTTP/1.1 200 OK".
]]>
            </message>
            <full-stacktrace>
              <![CDATA[java.lang.AssertionError: 2 expectations failed.
Expected status code <400> doesn't match actual status code <200>.

Expected status line a string containing "Bad Request" doesn't match actual status line "HTTP/1.1 200 OK".

	at sun.reflect.NativeConstructorAccessorImpl.newInstance0(Native Method)
	at sun.reflect.NativeConstructorAccessorImpl.newInstance(NativeConstructorAccessorImpl.java:62)
	at sun.reflect.DelegatingConstructorAccessorImpl.newInstance(DelegatingConstructorAccessorImpl.java:45)
	at java.lang.reflect.Constructor.newInstance(Constructor.java:422)
	at org.codehaus.groovy.reflection.CachedConstructor.invoke(CachedConstructor.java:80)
	at org.codehaus.groovy.reflection.CachedConstructor.doConstructorInvoke(CachedConstructor.java:74)
	at org.codehaus.groovy.runtime.callsite.ConstructorSite$ConstructorSiteNoUnwrap.callConstructor(ConstructorSite.java:84)
	at org.codehaus.groovy.runtime.callsite.CallSiteArray.defaultCallConstructor(CallSiteArray.java:60)
	at org.codehaus.groovy.runtime.callsite.AbstractCallSite.callConstructor(AbstractCallSite.java:235)
	at org.codehaus.groovy.runtime.callsite.AbstractCallSite.callConstructor(AbstractCallSite.java:247)
	at com.jayway.restassured.internal.ResponseSpecificationImpl$HamcrestAssertionClosure.validate(ResponseSpecificationImpl.groovy:598)
	at com.jayway.restassured.internal.ResponseSpecificationImpl$HamcrestAssertionClosure$validate$1.call(Unknown Source)
	at com.jayway.restassured.internal.RequestSpecificationImpl.applyPathParamsAndSendRequest(RequestSpecificationImpl.groovy:1597)
	at sun.reflect.NativeMethodAccessorImpl.invoke0(Native Method)
	at sun.reflect.NativeMethodAccessorImpl.invoke(NativeMethodAccessorImpl.java:62)
	at sun.reflect.DelegatingMethodAccessorImpl.invoke(DelegatingMethodAccessorImpl.java:43)
	at java.lang.reflect.Method.invoke(Method.java:497)
	at org.codehaus.groovy.reflection.CachedMethod.invoke(CachedMethod.java:93)
	at groovy.lang.MetaMethod.doMethodInvoke(MetaMethod.java:325)
	at groovy.lang.MetaClassImpl.invokeMethod(MetaClassImpl.java:1210)
	at groovy.lang.MetaClassImpl.invokeMethod(MetaClassImpl.java:1019)
	at groovy.lang.MetaClassImpl.invokeMethod(MetaClassImpl.java:810)
	at com.jayway.restassured.internal.RequestSpecificationImpl.invokeMethod(RequestSpecificationImpl.groovy)
	at org.codehaus.groovy.runtime.callsite.PogoInterceptableSite.call(PogoInterceptableSite.java:48)
	at org.codehaus.groovy.runtime.callsite.PogoInterceptableSite.callCurrent(PogoInterceptableSite.java:58)
	at org.codehaus.groovy.runtime.callsite.AbstractCallSite.callCurrent(AbstractCallSite.java:182)
	at com.jayway.restassured.internal.RequestSpecificationImpl.get(RequestSpecificationImpl.groovy:160)
	at com.jayway.restassured.internal.RequestSpecificationImpl.get(RequestSpecificationImpl.groovy)
	at com.intuit.core.rest.AbstractAPIMethod.callGET(AbstractAPIMethod.java:81)
	at com.intuit.core.rest.AbstractAPIMethod.callAPI(AbstractAPIMethod.java:63)
	at com.intuit.nasa.api.tests.planetary.GetPlanetrySoundsTest.testWhenAPIKeyIsValid_WithInvalidQueryParamKey(GetPlanetrySoundsTest.java:170)
	at sun.reflect.NativeMethodAccessorImpl.invoke0(Native Method)
	at sun.reflect.NativeMethodAccessorImpl.invoke(NativeMethodAccessorImpl.java:62)
	at sun.reflect.DelegatingMethodAccessorImpl.invoke(DelegatingMethodAccessorImpl.java:43)
	at java.lang.reflect.Method.invoke(Method.java:497)
	at org.testng.internal.MethodInvocationHelper.invokeMethod(MethodInvocationHelper.java:85)
	at org.testng.internal.Invoker.invokeMethod(Invoker.java:659)
	at org.testng.internal.Invoker.invokeTestMethod(Invoker.java:845)
	at org.testng.internal.Invoker.invokeTestMethods(Invoker.java:1153)
	at org.testng.internal.TestMethodWorker.invokeTestMethods(TestMethodWorker.java:124)
	at org.testng.internal.TestMethodWorker.run(TestMethodWorker.java:108)
	at org.testng.TestRunner.privateRun(TestRunner.java:771)
	at org.testng.TestRunner.run(TestRunner.java:621)
	at org.testng.SuiteRunner.runTest(SuiteRunner.java:357)
	at org.testng.SuiteRunner.runSequentially(SuiteRunner.java:352)
	at org.testng.SuiteRunner.privateRun(SuiteRunner.java:310)
	at org.testng.SuiteRunner.run(SuiteRunner.java:259)
	at org.testng.SuiteRunnerWorker.runSuite(SuiteRunnerWorker.java:52)
	at org.testng.SuiteRunnerWorker.run(SuiteRunnerWorker.java:86)
	at org.testng.TestNG.runSuitesSequentially(TestNG.java:1199)
	at org.testng.TestNG.runSuitesLocally(TestNG.java:1124)
	at org.testng.TestNG.run(TestNG.java:1032)
	at org.testng.remote.RemoteTestNG.run(RemoteTestNG.java:111)
	at org.testng.remote.RemoteTestNG.initAndRun(RemoteTestNG.java:204)
	at org.testng.remote.RemoteTestNG.main(RemoteTestNG.java:175)
]]>
            </full-stacktrace>
          </exception> <!-- java.lang.AssertionError -->
          <reporter-output>
          </reporter-output>
        </test-method> <!-- testWhenAPIKeyIsValid_WithInvalidQueryParamKey -->
        <test-method status="FAIL" signature="testWhenAPIKeyIsValid_WithInvalidQueryParamValue()[pri:0, instance:com.intuit.nasa.api.tests.planetary.GetPlanetrySoundsTest@35fb3008]" name="testWhenAPIKeyIsValid_WithInvalidQueryParamValue" duration-ms="605" started-at="2016-03-30T17:14:38Z" finished-at="2016-03-30T17:14:39Z">
          <exception class="java.lang.AssertionError">
            <message>
              <![CDATA[1 expectation failed.
JSON path count doesn't match.
Expected: map containing [ANYTHING->"0"]
  Actual: 10
]]>
            </message>
            <full-stacktrace>
              <![CDATA[java.lang.AssertionError: 1 expectation failed.
JSON path count doesn't match.
Expected: map containing [ANYTHING->"0"]
  Actual: 10

	at sun.reflect.NativeConstructorAccessorImpl.newInstance0(Native Method)
	at sun.reflect.NativeConstructorAccessorImpl.newInstance(NativeConstructorAccessorImpl.java:62)
	at sun.reflect.DelegatingConstructorAccessorImpl.newInstance(DelegatingConstructorAccessorImpl.java:45)
	at java.lang.reflect.Constructor.newInstance(Constructor.java:422)
	at org.codehaus.groovy.reflection.CachedConstructor.invoke(CachedConstructor.java:80)
	at org.codehaus.groovy.reflection.CachedConstructor.doConstructorInvoke(CachedConstructor.java:74)
	at org.codehaus.groovy.runtime.callsite.ConstructorSite$ConstructorSiteNoUnwrap.callConstructor(ConstructorSite.java:84)
	at org.codehaus.groovy.runtime.callsite.AbstractCallSite.callConstructor(AbstractCallSite.java:247)
	at com.jayway.restassured.internal.ResponseSpecificationImpl$HamcrestAssertionClosure.validate(ResponseSpecificationImpl.groovy:598)
	at com.jayway.restassured.internal.ResponseSpecificationImpl$HamcrestAssertionClosure$validate$1.call(Unknown Source)
	at com.jayway.restassured.internal.RequestSpecificationImpl.applyPathParamsAndSendRequest(RequestSpecificationImpl.groovy:1597)
	at sun.reflect.NativeMethodAccessorImpl.invoke0(Native Method)
	at sun.reflect.NativeMethodAccessorImpl.invoke(NativeMethodAccessorImpl.java:62)
	at sun.reflect.DelegatingMethodAccessorImpl.invoke(DelegatingMethodAccessorImpl.java:43)
	at java.lang.reflect.Method.invoke(Method.java:497)
	at org.codehaus.groovy.reflection.CachedMethod.invoke(CachedMethod.java:93)
	at groovy.lang.MetaMethod.doMethodInvoke(MetaMethod.java:325)
	at groovy.lang.MetaClassImpl.invokeMethod(MetaClassImpl.java:1210)
	at groovy.lang.MetaClassImpl.invokeMethod(MetaClassImpl.java:1019)
	at groovy.lang.MetaClassImpl.invokeMethod(MetaClassImpl.java:810)
	at com.jayway.restassured.internal.RequestSpecificationImpl.invokeMethod(RequestSpecificationImpl.groovy)
	at org.codehaus.groovy.runtime.callsite.PogoInterceptableSite.call(PogoInterceptableSite.java:48)
	at org.codehaus.groovy.runtime.callsite.PogoInterceptableSite.callCurrent(PogoInterceptableSite.java:58)
	at org.codehaus.groovy.runtime.callsite.AbstractCallSite.callCurrent(AbstractCallSite.java:182)
	at com.jayway.restassured.internal.RequestSpecificationImpl.get(RequestSpecificationImpl.groovy:160)
	at com.jayway.restassured.internal.RequestSpecificationImpl.get(RequestSpecificationImpl.groovy)
	at com.intuit.core.rest.AbstractAPIMethod.callGET(AbstractAPIMethod.java:81)
	at com.intuit.core.rest.AbstractAPIMethod.callAPI(AbstractAPIMethod.java:63)
	at com.intuit.nasa.api.tests.planetary.GetPlanetrySoundsTest.testWhenAPIKeyIsValid_WithInvalidQueryParamValue(GetPlanetrySoundsTest.java:154)
	at sun.reflect.NativeMethodAccessorImpl.invoke0(Native Method)
	at sun.reflect.NativeMethodAccessorImpl.invoke(NativeMethodAccessorImpl.java:62)
	at sun.reflect.DelegatingMethodAccessorImpl.invoke(DelegatingMethodAccessorImpl.java:43)
	at java.lang.reflect.Method.invoke(Method.java:497)
	at org.testng.internal.MethodInvocationHelper.invokeMethod(MethodInvocationHelper.java:85)
	at org.testng.internal.Invoker.invokeMethod(Invoker.java:659)
	at org.testng.internal.Invoker.invokeTestMethod(Invoker.java:845)
	at org.testng.internal.Invoker.invokeTestMethods(Invoker.java:1153)
	at org.testng.internal.TestMethodWorker.invokeTestMethods(TestMethodWorker.java:124)
	at org.testng.internal.TestMethodWorker.run(TestMethodWorker.java:108)
	at org.testng.TestRunner.privateRun(TestRunner.java:771)
	at org.testng.TestRunner.run(TestRunner.java:621)
	at org.testng.SuiteRunner.runTest(SuiteRunner.java:357)
	at org.testng.SuiteRunner.runSequentially(SuiteRunner.java:352)
	at org.testng.SuiteRunner.privateRun(SuiteRunner.java:310)
	at org.testng.SuiteRunner.run(SuiteRunner.java:259)
	at org.testng.SuiteRunnerWorker.runSuite(SuiteRunnerWorker.java:52)
	at org.testng.SuiteRunnerWorker.run(SuiteRunnerWorker.java:86)
	at org.testng.TestNG.runSuitesSequentially(TestNG.java:1199)
	at org.testng.TestNG.runSuitesLocally(TestNG.java:1124)
	at org.testng.TestNG.run(TestNG.java:1032)
	at org.testng.remote.RemoteTestNG.run(RemoteTestNG.java:111)
	at org.testng.remote.RemoteTestNG.initAndRun(RemoteTestNG.java:204)
	at org.testng.remote.RemoteTestNG.main(RemoteTestNG.java:175)
]]>
            </full-stacktrace>
          </exception> <!-- java.lang.AssertionError -->
          <reporter-output>
          </reporter-output>
        </test-method> <!-- testWhenAPIKeyIsValid_WithInvalidQueryParamValue -->
        <test-method status="PASS" signature="testWithOnlyQueryParam_AND_NoAPIKey()[pri:0, instance:com.intuit.nasa.api.tests.planetary.GetPlanetrySoundsTest@35fb3008]" name="testWithOnlyQueryParam_AND_NoAPIKey" duration-ms="499" started-at="2016-03-30T17:14:39Z" finished-at="2016-03-30T17:14:39Z">
          <reporter-output>
          </reporter-output>
        </test-method> <!-- testWithOnlyQueryParam_AND_NoAPIKey -->
        <test-method status="PASS" signature="writeLimit()[pri:0, instance:com.intuit.nasa.api.tests.planetary.GetPlanetrySoundsTest@35fb3008]" name="writeLimit" is-config="true" duration-ms="0" started-at="2016-03-30T17:14:39Z" finished-at="2016-03-30T17:14:39Z">
          <reporter-output>
          </reporter-output>
        </test-method> <!-- writeLimit -->
      </class> <!-- com.intuit.nasa.api.tests.planetary.GetPlanetrySoundsTest -->
    </test> <!-- Default test -->
  </suite> <!-- Default suite -->
</testng-results>
